<?xml version="1.0" encoding="UTF-8"?>
<!-- Generated by org.testng.reporters.JUnitXMLReporter -->
<testsuite ignored="3" hostname="LAPTOP-GGTLOUOF" failures="0" tests="1" name="Default test" time="5.694" errors="0" timestamp="2023-01-16T11:15:35 IST">
  <testcase classname="restassurancedemo1.demo1" name="delete_method" time="5.619"/>
  <testcase classname="restassurancedemo1.demo1" name="get_method" time="0.0">
    <ignored/>
  </testcase> <!-- get_method -->
  <testcase classname="restassurancedemo1.demo1" name="put_method" time="0.0">
    <ignored/>
  </testcase> <!-- put_method -->
  <testcase classname="restassurancedemo1.demo1" name="post_method" time="0.0">
    <ignored/>
  </testcase> <!-- post_method -->
</testsuite> <!-- Default test -->
