<?xml version="1.0" encoding="UTF-8"?>
<testng-results ignored="3" total="4" passed="1" failed="0" skipped="0">
  <reporter-output>
  </reporter-output>
  <suite started-at="2023-01-16T11:15:29 IST" name="Default suite" finished-at="2023-01-16T11:15:35 IST" duration-ms="5694">
    <groups>
    </groups>
    <test started-at="2023-01-16T11:15:29 IST" name="Default test" finished-at="2023-01-16T11:15:35 IST" duration-ms="5694">
      <class name="restassurancedemo1.demo1">
        <test-method signature="delete_method()[pri:0, instance:restassurancedemo1.demo1@63a65a25]" started-at="2023-01-16T11:15:29 IST" name="delete_method" finished-at="2023-01-16T11:15:35 IST" duration-ms="5619" status="PASS">
          <reporter-output>
          </reporter-output>
        </test-method> <!-- delete_method -->
      </class> <!-- restassurancedemo1.demo1 -->
    </test> <!-- Default test -->
  </suite> <!-- Default suite -->
</testng-results>
